camera-calibration/openCVSamplecameracalibration/build/outputs/logs/manifest-merger-debug-report.txt
-- Merging decision tree log ---
manifest
ADDED from src/main/AndroidManifest.xml:2:1-38:12
	package
		ADDED from src/main/AndroidManifest.xml:3:11-57
		INJECTED from src/main/AndroidManifest.xml
		INJECTED from src/main/AndroidManifest.xml
	android:versionName
		ADDED from src/main/AndroidManifest.xml:5:11-37
		INJECTED from src/main/AndroidManifest.xml
		INJECTED from src/main/AndroidManifest.xml
	android:versionCode
		ADDED from src/main/AndroidManifest.xml:4:11-36
		INJECTED from src/main/AndroidManifest.xml
		INJECTED from src/main/AndroidManifest.xml
	xmlns:android
		ADDED from src/main/AndroidManifest.xml:2:11-69
application
ADDED from src/main/AndroidManifest.xml:7:5-21:19
MERGED from [com.android.support:design:25.2.0] AndroidManifest.xml:25:5-20
MERGED from [com.android.support:appcompat-v7:25.2.0] AndroidManifest.xml:25:5-20
MERGED from [com.android.support:animated-vector-drawable:25.2.0] AndroidManifest.xml:22:5-20
MERGED from [com.android.support:support-vector-drawable:25.2.0] AndroidManifest.xml:23:5-20
MERGED from [com.android.support:transition:25.2.0] AndroidManifest.xml:22:5-20
MERGED from [com.jjoe64:graphview:4.2.1] AndroidManifest.xml:11:5-12:19
MERGED from [com.android.support:support-v4:25.2.0] AndroidManifest.xml:25:5-20
MERGED from [com.android.support:support-fragment:25.2.0] AndroidManifest.xml:25:5-20
MERGED from [com.android.support:support-media-compat:25.2.0] AndroidManifest.xml:25:5-20
MERGED from [com.android.support:support-core-ui:25.2.0] AndroidManifest.xml:25:5-20
MERGED from [com.android.support:support-core-utils:25.2.0] AndroidManifest.xml:25:5-20
MERGED from [com.android.support:support-compat:25.2.0] AndroidManifest.xml:25:5-20
	android:label
		ADDED from src/main/AndroidManifest.xml:8:9-41
	android:icon
		ADDED from src/main/AndroidManifest.xml:9:9-38
	android:theme
		ADDED from src/main/AndroidManifest.xml:10:9-67
activity#org.opencv.samples.cameracalibration.CameraCalibrationActivity
ADDED from src/main/AndroidManifest.xml:12:9-20:20
	android:screenOrientation
		ADDED from src/main/AndroidManifest.xml:14:19-56
	android:label
		ADDED from src/main/AndroidManifest.xml:13:19-51
	android:configChanges
		ADDED from src/main/AndroidManifest.xml:15:19-69
	android:name
		ADDED from src/main/AndroidManifest.xml:12:19-59
intent-filter#android.intent.action.MAIN+android.intent.category.LAUNCHER
ADDED from src/main/AndroidManifest.xml:16:13-19:29
action#android.intent.action.MAIN
ADDED from src/main/AndroidManifest.xml:17:17-69
	android:name
		ADDED from src/main/AndroidManifest.xml:17:25-66
category#android.intent.category.LAUNCHER
ADDED from src/main/AndroidManifest.xml:18:17-77
	android:name
		ADDED from src/main/AndroidManifest.xml:18:27-74
supports-screens
ADDED from src/main/AndroidManifest.xml:23:5-27:51
	android:largeScreens
		ADDED from src/main/AndroidManifest.xml:26:23-50
	android:smallScreens
		ADDED from src/main/AndroidManifest.xml:24:23-50
	android:normalScreens
		ADDED from src/main/AndroidManifest.xml:25:23-51
	android:resizeable
		ADDED from src/main/AndroidManifest.xml:23:23-48
	android:anyDensity
		ADDED from src/main/AndroidManifest.xml:27:23-48
uses-sdk
ADDED from src/main/AndroidManifest.xml:29:5-43
MERGED from [com.android.support:design:25.2.0] AndroidManifest.xml:21:5-23:62
MERGED from [com.android.support:appcompat-v7:25.2.0] AndroidManifest.xml:21:5-23:78
MERGED from [com.android.support:animated-vector-drawable:25.2.0] AndroidManifest.xml:20:5-44
MERGED from [com.android.support:support-vector-drawable:25.2.0] AndroidManifest.xml:21:5-43
MERGED from [com.android.support:recyclerview-v7:25.2.0] AndroidManifest.xml:20:5-43
MERGED from [com.android.support:transition:25.2.0] AndroidManifest.xml:20:5-44
MERGED from [com.jjoe64:graphview:4.2.1] AndroidManifest.xml:7:5-9:41
MERGED from [com.android.support:support-v4:25.2.0] AndroidManifest.xml:21:5-23:54
MERGED from [com.android.support:support-fragment:25.2.0] AndroidManifest.xml:21:5-23:60
MERGED from [com.android.support:support-media-compat:25.2.0] AndroidManifest.xml:21:5-23:63
MERGED from [com.android.support:support-core-ui:25.2.0] AndroidManifest.xml:21:5-23:58
MERGED from [com.android.support:support-core-utils:25.2.0] AndroidManifest.xml:21:5-23:61
MERGED from [com.android.support:support-compat:25.2.0] AndroidManifest.xml:21:5-23:58
MERGED from [camera-calibration.libraries:opencv:unspecified] AndroidManifest.xml:7:5-9:41
	tools:overrideLibrary
		ADDED from [com.android.support:design:25.2.0] AndroidManifest.xml:23:9-59
	android:targetSdkVersion
		INJECTED from src/main/AndroidManifest.xml
		INJECTED from src/main/AndroidManifest.xml
	android:minSdkVersion
		ADDED from src/main/AndroidManifest.xml:29:15-40
		INJECTED from src/main/AndroidManifest.xml
		INJECTED from src/main/AndroidManifest.xml
uses-permission#android.permission.CAMERA
ADDED from src/main/AndroidManifest.xml:31:5-64
	android:name
		ADDED from src/main/AndroidManifest.xml:31:22-62
uses-feature#android.hardware.camera
ADDED from src/main/AndroidManifest.xml:33:5-84
	android:required
		ADDED from src/main/AndroidManifest.xml:33:58-82
	android:name
		ADDED from src/main/AndroidManifest.xml:33:19-57
uses-feature#android.hardware.camera.autofocus
ADDED from src/main/AndroidManifest.xml:34:5-94
	android:required
		ADDED from src/main/AndroidManifest.xml:34:68-92
	android:name
		ADDED from src/main/AndroidManifest.xml:34:19-67
uses-feature#android.hardware.camera.front
ADDED from src/main/AndroidManifest.xml:35:5-90
	android:required
		ADDED from src/main/AndroidManifest.xml:35:64-88
	android:name
		ADDED from src/main/AndroidManifest.xml:35:19-63
uses-feature#android.hardware.camera.front.autofocus
ADDED from src/main/AndroidManifest.xml:36:5-100
	android:required
		ADDED from src/main/AndroidManifest.xml:36:74-98
	android:name
		ADDED from src/main/AndroidManifest.xml:36:19-73